<?xml version="1.0" encoding="UTF-8"?>
<!-- Generated by org.testng.reporters.JUnitReportReporter -->
<testsuite skipped="0" hostname="SPAY000657" name="com.api.test.NavPriceInfoTest" tests="1" failures="0" timestamp="22 Feb 2020 11:04:45 GMT" time="16.312" errors="0">
  <testcase name="verifyNavPriceArrayValues" time="16.312" classname="com.api.test.NavPriceInfoTest"/>
</testsuite> <!-- com.api.test.NavPriceInfoTest -->
